<?xml version="1.0" encoding="UTF-8"?>
<testng-results ignored="0" total="2" passed="2" failed="0" skipped="0">
  <reporter-output>
  </reporter-output>
  <suite started-at="2024-01-18T07:38:46Z" name="Default suite" finished-at="2024-01-18T07:38:47Z" duration-ms="881">
    <groups>
      <group name="cucumber">
        <method signature="AbstractTestNGCucumberTests.runScenario(io.cucumber.testng.PickleWrapper, io.cucumber.testng.FeatureWrapper)[pri:0, instance:TestRunner.RunnerTest@484094a5]" name="runScenario" class="io.cucumber.testng.AbstractTestNGCucumberTests"/>
      </group> <!-- cucumber -->
    </groups>
    <test started-at="2024-01-18T07:38:46Z" name="Default test" finished-at="2024-01-18T07:38:47Z" duration-ms="881">
      <class name="TestRunner.RunnerTest">
        <test-method is-config="true" signature="setUpClass(org.testng.ITestContext)[pri:0, instance:TestRunner.RunnerTest@484094a5]" started-at="2024-01-18T07:38:46Z" name="setUpClass" finished-at="2024-01-18T07:38:47Z" duration-ms="501" status="PASS">
          <params>
            <param index="0">
              <value>
                <![CDATA[org.testng.TestRunner@44ea608c]]>
              </value>
            </param>
          </params>
          <reporter-output>
          </reporter-output>
        </test-method> <!-- setUpClass -->
        <test-method signature="runScenario(io.cucumber.testng.PickleWrapper, io.cucumber.testng.FeatureWrapper)[pri:0, instance:TestRunner.RunnerTest@484094a5]" started-at="2024-01-18T07:38:47Z" name="runScenario" description="Runs Cucumber Scenarios" data-provider="scenarios" finished-at="2024-01-18T07:38:47Z" duration-ms="332" status="PASS">
          <params>
            <param index="0">
              <value>
                <![CDATA["validate the Login functionality"]]>
              </value>
            </param>
            <param index="1">
              <value>
                <![CDATA["Test the Sauce Demo application"]]>
              </value>
            </param>
          </params>
          <reporter-output>
          </reporter-output>
        </test-method> <!-- runScenario -->
        <test-method signature="runScenario(io.cucumber.testng.PickleWrapper, io.cucumber.testng.FeatureWrapper)[pri:0, instance:TestRunner.RunnerTest@484094a5]" started-at="2024-01-18T07:38:47Z" name="runScenario" description="Runs Cucumber Scenarios" data-provider="scenarios" finished-at="2024-01-18T07:38:47Z" duration-ms="7" status="PASS">
          <params>
            <param index="0">
              <value>
                <![CDATA["user is on login page"]]>
              </value>
            </param>
            <param index="1">
              <value>
                <![CDATA["Test the Sauce Demo application"]]>
              </value>
            </param>
          </params>
          <reporter-output>
          </reporter-output>
        </test-method> <!-- runScenario -->
        <test-method is-config="true" signature="tearDownClass()[pri:0, instance:TestRunner.RunnerTest@484094a5]" started-at="2024-01-18T07:38:47Z" name="tearDownClass" finished-at="2024-01-18T07:38:47Z" duration-ms="5" status="PASS">
          <reporter-output>
          </reporter-output>
        </test-method> <!-- tearDownClass -->
      </class> <!-- TestRunner.RunnerTest -->
    </test> <!-- Default test -->
  </suite> <!-- Default suite -->
</testng-results>
